c:\users\sharath nagendra\documents\project2\nosqldb2\xmldocument\xmldocument\debug\xmldocument.pdb
c:\users\sharath nagendra\documents\project2\nosqldb2\xmldocument\xmldocument\debug\xmldocument.idb
c:\users\sharath nagendra\documents\project2\nosqldb2\xmldocument\xmldocument\debug\xmldocument.obj
c:\users\sharath nagendra\documents\project2\nosqldb2\xmldocument\xmldocument\debug\xmlparser.obj
c:\users\sharath nagendra\documents\project2\nosqldb2\xmldocument\xmldocument\debug\xmlelement.obj
c:\users\sharath nagendra\documents\project2\nosqldb2\xmldocument\xmldocument\debug\xmlelementparts.obj
c:\users\sharath nagendra\documents\project2\nosqldb2\xmldocument\xmldocument\debug\tokenizer.obj
c:\users\sharath nagendra\desktop\nosqldb2\xmldocument\xmldocument\debug\xmldocument.pdb
c:\users\sharath nagendra\desktop\nosqldb2\xmldocument\xmldocument\debug\xmldocument.idb
c:\users\sharath nagendra\desktop\nosqldb2\xmldocument\xmldocument\debug\xmldocument.obj
c:\users\sharath nagendra\desktop\nosqldb2\xmldocument\xmldocument\debug\xmlparser.obj
c:\users\sharath nagendra\desktop\nosqldb2\xmldocument\xmldocument\debug\xmlelement.obj
c:\users\sharath nagendra\desktop\nosqldb2\xmldocument\xmldocument\debug\xmlelementparts.obj
c:\users\sharath nagendra\desktop\nosqldb2\xmldocument\xmldocument\debug\tokenizer.obj
c:\users\sharath nagendra\documents\project2\nosqldb2\debug\xmldocument.lib
c:\users\sharath nagendra\desktop\nosqldb2\debug\xmldocument.lib
c:\users\sharath nagendra\desktop\nosqldb2\debug\xmldocument.pdb
c:\users\sharath nagendra\desktop\nosqldb2\xmldocument\xmldocument\debug\xmldocument.tlog\cl.command.1.tlog
c:\users\sharath nagendra\desktop\nosqldb2\xmldocument\xmldocument\debug\xmldocument.tlog\cl.read.1.tlog
c:\users\sharath nagendra\desktop\nosqldb2\xmldocument\xmldocument\debug\xmldocument.tlog\cl.write.1.tlog
c:\users\sharath nagendra\desktop\nosqldb2\xmldocument\xmldocument\debug\xmldocument.tlog\lib-link.read.1.tlog
c:\users\sharath nagendra\desktop\nosqldb2\xmldocument\xmldocument\debug\xmldocument.tlog\lib-link.write.1.tlog
c:\users\sharath nagendra\desktop\nosqldb2\xmldocument\xmldocument\debug\xmldocument.tlog\lib.command.1.tlog
