c:\users\sharath nagendra\documents\project2\nosqldb2\executive\debug\executive.pdb
c:\users\sharath nagendra\documents\project2\nosqldb2\executive\debug\executive.idb
c:\users\sharath nagendra\documents\project2\nosqldb2\executive\debug\executive.obj
c:\users\sharath nagendra\documents\project2\nosqldb2\executive\debug\stringutilities.obj
c:\users\sharath nagendra\documents\project2\nosqldb2\executive\debug\query.obj
c:\users\sharath nagendra\documents\project2\nosqldb2\executive\debug\persist.obj
c:\users\sharath nagendra\documents\project2\nosqldb2\executive\debug\edit.obj
c:\users\sharath nagendra\documents\project2\nosqldb2\executive\debug\dbcore.obj
c:\users\sharath nagendra\documents\project2\nosqldb2\executive\debug\datetime.obj
c:\users\sharath nagendra\desktop\nosqldb2\executive\debug\executive.pdb
c:\users\sharath nagendra\desktop\nosqldb2\executive\debug\executive.idb
c:\users\sharath nagendra\desktop\nosqldb2\executive\debug\executive.obj
c:\users\sharath nagendra\desktop\nosqldb2\executive\debug\stringutilities.obj
c:\users\sharath nagendra\desktop\nosqldb2\executive\debug\query.obj
c:\users\sharath nagendra\desktop\nosqldb2\executive\debug\persist.obj
c:\users\sharath nagendra\desktop\nosqldb2\executive\debug\edit.obj
c:\users\sharath nagendra\desktop\nosqldb2\executive\debug\dbcore.obj
c:\users\sharath nagendra\desktop\nosqldb2\executive\debug\datetime.obj
c:\users\sharath nagendra\documents\project2\nosqldb2\debug\executive.lib
c:\users\sharath nagendra\desktop\nosqldb2\debug\executive.lib
c:\users\sharath nagendra\desktop\nosqldb2\debug\executive.pdb
c:\users\sharath nagendra\desktop\nosqldb2\executive\debug\executive.tlog\cl.command.1.tlog
c:\users\sharath nagendra\desktop\nosqldb2\executive\debug\executive.tlog\cl.read.1.tlog
c:\users\sharath nagendra\desktop\nosqldb2\executive\debug\executive.tlog\cl.write.1.tlog
c:\users\sharath nagendra\desktop\nosqldb2\executive\debug\executive.tlog\lib-link.read.1.tlog
c:\users\sharath nagendra\desktop\nosqldb2\executive\debug\executive.tlog\lib-link.write.1.tlog
c:\users\sharath nagendra\desktop\nosqldb2\executive\debug\executive.tlog\lib.command.1.tlog
